[debug] [2024-02-03T15:54:53.347Z] ----------------------------------------------------------------------
[debug] [2024-02-03T15:54:53.349Z] Command:       C:\Program Files\nodejs\node.exe C:\Users\bhuvn\AppData\Roaming\npm\node_modules\firebase-tools\lib\bin\firebase.js init
[debug] [2024-02-03T15:54:53.349Z] CLI Version:   13.1.0
[debug] [2024-02-03T15:54:53.350Z] Platform:      win32
[debug] [2024-02-03T15:54:53.350Z] Node Version:  v18.17.1
[debug] [2024-02-03T15:54:53.350Z] Time:          Sat Feb 03 2024 21:24:53 GMT+0530 (India Standard Time)
[debug] [2024-02-03T15:54:53.351Z] ----------------------------------------------------------------------
[debug] 
[debug] [2024-02-03T15:54:53.356Z] > command requires scopes: ["email","openid","https://www.googleapis.com/auth/cloudplatformprojects.readonly","https://www.googleapis.com/auth/firebase","https://www.googleapis.com/auth/cloud-platform"]
[debug] [2024-02-03T15:54:53.357Z] > authorizing via signed-in user (pramveer.prince@gmail.com)
[info] 
     ######## #### ########  ######## ########     ###     ######  ########
     ##        ##  ##     ## ##       ##     ##  ##   ##  ##       ##
     ######    ##  ########  ######   ########  #########  ######  ######
     ##        ##  ##    ##  ##       ##     ## ##     ##       ## ##
     ##       #### ##     ## ######## ########  ##     ##  ######  ########

You're about to initialize a Firebase project in this directory:

  C:\Users\bhuvn\Documents\Dev Purposes\Fundrev\Project\fundrev

[info] 
=== Project Setup
[info] 
[info] First, let's associate this project directory with a Firebase project.
[info] You can create multiple project aliases by running firebase use --add, 
[info] but for now we'll just set up a default project.
[info] 
[debug] [2024-02-03T15:56:13.188Z] >>> [apiv2][query] GET https://firebase.googleapis.com/v1beta1/projects pageSize=100
[debug] [2024-02-03T15:56:15.206Z] <<< [apiv2][status] GET https://firebase.googleapis.com/v1beta1/projects 200
[debug] [2024-02-03T15:56:15.206Z] <<< [apiv2][body] GET https://firebase.googleapis.com/v1beta1/projects [omitted]
[info] i  Using project fundrev-task (fundrev-task) 
[info] 
=== Hosting Setup
[debug] [2024-02-03T15:56:17.247Z] >>> [apiv2][query] GET https://firebase.googleapis.com/v1beta1/projects/fundrev-task [none]
[debug] [2024-02-03T15:56:17.763Z] <<< [apiv2][status] GET https://firebase.googleapis.com/v1beta1/projects/fundrev-task 200
[debug] [2024-02-03T15:56:17.763Z] <<< [apiv2][body] GET https://firebase.googleapis.com/v1beta1/projects/fundrev-task {"projectId":"fundrev-task","projectNumber":"520586975749","displayName":"fundrev-task","name":"projects/fundrev-task","resources":{"hostingSite":"fundrev-task"},"state":"ACTIVE","etag":"1_3d8a2e97-0151-436b-a455-a58df3011840"}
[info] 
[info] Your public directory is the folder (relative to your project directory) that
[info] will contain Hosting assets to be uploaded with firebase deploy. If you
[info] have a build process for your assets, use your build's output directory.
[info] 
[debug] [2024-02-03T15:57:01.117Z] >>> [apiv2][query] GET https://www.gstatic.com/firebasejs/releases.json [none]
[debug] [2024-02-03T15:57:01.585Z] <<< [apiv2][status] GET https://www.gstatic.com/firebasejs/releases.json 200
[debug] [2024-02-03T15:57:01.585Z] <<< [apiv2][body] GET https://www.gstatic.com/firebasejs/releases.json {"current":{"version":"10.8.0","browserURL":"https://www.gstatic.com/firebasejs/10.8.0/firebase.js","packageURL":"https://www.gstatic.com/firebasejs/10.8.0/firebase.tgz"},"live":{"version":"10.8","browserURL":"https://www.gstatic.com/firebasejs/live/10.8/firebase.js","packageURL":"https://www.gstatic.com/firebasejs/live/10.8/firebase.tgz"},"components":{"analytics":"https://www.gstatic.com/firebasejs/10.8.0/firebase-analytics.js","app":"https://www.gstatic.com/firebasejs/10.8.0/firebase-app.js","app-check":"https://www.gstatic.com/firebasejs/10.8.0/firebase-app-check.js","auth":"https://www.gstatic.com/firebasejs/10.8.0/firebase-auth.js","auth/cordova":"https://www.gstatic.com/firebasejs/10.8.0/firebase-auth/cordova.js","auth/web-extension":"https://www.gstatic.com/firebasejs/10.8.0/firebase-auth/web-extension.js","functions":"https://www.gstatic.com/firebasejs/10.8.0/firebase-functions.js","firestore":"https://www.gstatic.com/firebasejs/10.8.0/firebase-firestore.js","firestore/lite":"https://www.gstatic.com/firebasejs/10.8.0/firebase-firestore/lite.js","installations":"https://www.gstatic.com/firebasejs/10.8.0/firebase-installations.js","storage":"https://www.gstatic.com/firebasejs/10.8.0/firebase-storage.js","performance":"https://www.gstatic.com/firebasejs/10.8.0/firebase-performance.js","remote-config":"https://www.gstatic.com/firebasejs/10.8.0/firebase-remote-config.js","messaging":"https://www.gstatic.com/firebasejs/10.8.0/firebase-messaging.js","messaging/sw":"https://www.gstatic.com/firebasejs/10.8.0/firebase-messaging/sw.js","database":"https://www.gstatic.com/firebasejs/10.8.0/firebase-database.js","firestore.memory":"https://www.gstatic.com/firebasejs/10.8.0/firebase-firestore.memory.js"}}
[info] i  Skipping write of build/index.html 
[info] 
[info] i  Detected a .git folder at C:\Users\bhuvn\Documents\Dev Purposes\Fundrev\Project\fundrev 
[info] i  Authorizing with GitHub to upload your service account to a GitHub repository's secrets store. 
[info] 
[info] Visit this URL on this device to log in:
[info] https://github.com/login/oauth/authorize?client_id=89cf50f02ac6aaed3484&state=585122291&redirect_uri=http%3A%2F%2Flocalhost%3A9005&scope=read%3Auser%20repo%20public_repo
[info] 
[info] Waiting for authentication...
[debug] [2024-02-03T15:57:29.927Z] >>> [apiv2][query] POST https://github.com/login/oauth/access_token [none]
[debug] [2024-02-03T15:57:29.927Z] >>> [apiv2][body] POST https://github.com/login/oauth/access_token [stream]
[debug] [2024-02-03T15:57:30.405Z] <<< [apiv2][status] POST https://github.com/login/oauth/access_token 200
[debug] [2024-02-03T15:57:30.405Z] <<< [apiv2][body] POST https://github.com/login/oauth/access_token {"access_token":"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","token_type":"bearer","scope":"read:user,repo"}
[debug] [2024-02-03T15:57:30.414Z] >>> [apiv2][query] GET https://api.github.com/user [none]
[debug] [2024-02-03T15:57:30.965Z] <<< [apiv2][status] GET https://api.github.com/user 200
[debug] [2024-02-03T15:57:30.965Z] <<< [apiv2][body] GET https://api.github.com/user {"login":"pcjain-309","id":96264115,"node_id":"U_kgDOBbzfsw","avatar_url":"https://avatars.githubusercontent.com/u/96264115?v=4","gravatar_id":"","url":"https://api.github.com/users/pcjain-309","html_url":"https://github.com/pcjain-309","followers_url":"https://api.github.com/users/pcjain-309/followers","following_url":"https://api.github.com/users/pcjain-309/following{/other_user}","gists_url":"https://api.github.com/users/pcjain-309/gists{/gist_id}","starred_url":"https://api.github.com/users/pcjain-309/starred{/owner}{/repo}","subscriptions_url":"https://api.github.com/users/pcjain-309/subscriptions","organizations_url":"https://api.github.com/users/pcjain-309/orgs","repos_url":"https://api.github.com/users/pcjain-309/repos","events_url":"https://api.github.com/users/pcjain-309/events{/privacy}","received_events_url":"https://api.github.com/users/pcjain-309/received_events","type":"User","site_admin":false,"name":"Paramveer Singh Choudhary","company":null,"blog":"","location":null,"email":null,"hireable":null,"bio":null,"twitter_username":null,"public_repos":16,"public_gists":0,"followers":2,"following":0,"created_at":"2021-12-16T20:12:28Z","updated_at":"2024-01-27T11:21:01Z","private_gists":0,"total_private_repos":0,"owned_private_repos":0,"disk_usage":627660,"collaborators":0,"two_factor_authentication":false,"plan":{"name":"pro","space":976562499,"collaborators":0,"private_repos":9999}}
[info] 
[info] +  Success! Logged into GitHub as pcjain-309 
[info] 
